#
# There is insufficient memory for the Java Runtime Environment to continue.
# Native memory allocation (mmap) failed to map 266338304 bytes for G1 virtual space
# Possible reasons:
#   The system is out of physical RAM or swap space
#   The process is running with CompressedOops enabled, and the Java Heap may be blocking the growth of the native heap
# Possible solutions:
#   Reduce memory load on the system
#   Increase physical memory or swap space
#   Check if swap backing store is full
#   Decrease Java heap size (-Xmx/-Xms)
#   Decrease number of Java threads
#   Decrease Java thread stack sizes (-Xss)
#   Set larger code cache with -XX:ReservedCodeCacheSize=
#   JVM is running with Zero Based Compressed Oops mode in which the Java heap is
#     placed in the first 32GB address space. The Java Heap base address is the
#     maximum limit for the native heap growth. Please use -XX:HeapBaseMinAddress
#     to set the Java Heap base and to place the Java Heap above 32GB virtual address.
# This output file may be truncated or incomplete.
#
#  Out of Memory Error (os_windows.cpp:3613), pid=19452, tid=23752
#
# JRE version:  (17.0.9+9) (build )
# Java VM: OpenJDK 64-Bit Server VM (17.0.9+9, mixed mode, sharing, tiered, compressed oops, compressed class ptrs, g1 gc, windows-amd64)
# No core dump will be written. Minidumps are not enabled by default on client versions of Windows
#

---------------  S U M M A R Y ------------

Command Line: org.gradle.launcher.GradleMain -Dorg.gradle.jvmargs=-Xmx4096m --stop

Host: Intel(R) Core(TM) i5-9300H CPU @ 2.40GHz, 8 cores, 15G,  Windows 11 , 64 bit Build 26100 (10.0.26100.7019)
Time: Fri Nov 14 23:08:21 2025 India Standard Time elapsed time: 0.047343 seconds (0d 0h 0m 0s)

---------------  T H R E A D  ---------------

Current thread (0x000001fab941b7f0):  JavaThread "Unknown thread" [_thread_in_vm, id=23752, stack(0x00000009da400000,0x00000009da500000)]

Stack: [0x00000009da400000,0x00000009da500000]
Native frames: (J=compiled Java code, j=interpreted, Vv=VM code, C=native code)
V  [jvm.dll+0x67cf49]
V  [jvm.dll+0x83478a]
V  [jvm.dll+0x83624e]
V  [jvm.dll+0x8368b3]
V  [jvm.dll+0x247f1f]
V  [jvm.dll+0x679d69]
V  [jvm.dll+0x66e6ba]
V  [jvm.dll+0x307e5b]
V  [jvm.dll+0x30f306]
V  [jvm.dll+0x35f0ce]
V  [jvm.dll+0x35f2ff]
V  [jvm.dll+0x2dea58]
V  [jvm.dll+0x2df9c4]
V  [jvm.dll+0x806031]
V  [jvm.dll+0x36cf31]
V  [jvm.dll+0x7e4aac]
V  [jvm.dll+0x3f07af]
V  [jvm.dll+0x3f23e1]
C  [jli.dll+0x528f]
C  [ucrtbase.dll+0x37b0]
C  [KERNEL32.DLL+0x2e8d7]
C  [ntdll.dll+0x8c53c]


---------------  P R O C E S S  ---------------

Threads class SMR info:
_java_thread_list=0x00007fff5332ee98, length=0, elements={
}

Java Threads: ( => current thread )

Other Threads:
  0x000001fabb716220 GCTaskThread "GC Thread#0" [stack: 0x00000009da500000,0x00000009da600000] [id=7424]
  0x000001fabb727f00 ConcurrentGCThread "G1 Main Marker" [stack: 0x00000009da600000,0x00000009da700000] [id=21500]
  0x000001fabb7295f0 ConcurrentGCThread "G1 Conc#0" [stack: 0x00000009da700000,0x00000009da800000] [id=23684]

[error occurred during error reporting (printing all threads), id 0xc0000005, EXCEPTION_ACCESS_VIOLATION (0xc0000005) at pc=0x00007fff52aef497]

VM state: not at safepoint (not fully initialized)

VM Mutex/Monitor currently owned by a thread:  ([mutex/lock_event])
[0x000001fabb6ab2c0] Heap_lock - owner thread: 0x000001fab941b7f0

Heap address: 0x0000000702800000, size: 4056 MB, Compressed Oops mode: Zero based, Oop shift amount: 3

CDS archive(s) mapped at: [0x0000000000000000-0x0000000000000000-0x0000000000000000), size 0, SharedBaseAddress: 0x0000000800000000, ArchiveRelocationMode: 1.
Narrow klass base: 0x0000000000000000, Narrow klass shift: 0, Narrow klass range: 0x0

GC Precious Log:
<Empty>

Heap:
 garbage-first heap   total 0K, used 0K [0x0000000702800000, 0x0000000800000000)
  region size 2048K, 0 young (0K), 0 survivors (0K)

[error occurred during error reporting (printing heap information), id 0xc0000005, EXCEPTION_ACCESS_VIOLATION (0xc0000005) at pc=0x00007fff52ed6c79]

GC Heap History (0 events):
No events

Dll operation events (1 events):
Event: 0.007 Loaded shared library D:\mislanious\Unity\Unity_installs\6000.2.6f2\Editor\Data\PlaybackEngines\AndroidPlayer\OpenJDK\bin\java.dll

Deoptimization events (0 events):
No events

Classes unloaded (0 events):
No events

Classes redefined (0 events):
No events

Internal exceptions (0 events):
No events

VM Operations (0 events):
No events

Events (0 events):
No events


Dynamic libraries:
0x00007ff6e1ff0000 - 0x00007ff6e1ffe000 	D:\mislanious\Unity\Unity_installs\6000.2.6f2\Editor\Data\PlaybackEngines\AndroidPlayer\OpenJDK\bin\java.exe
0x00007ff81f540000 - 0x00007ff81f7a8000 	C:\WINDOWS\SYSTEM32\ntdll.dll
0x00007ff81ebb0000 - 0x00007ff81ec79000 	C:\WINDOWS\System32\KERNEL32.DLL
0x00007ff81c8c0000 - 0x00007ff81ccb8000 	C:\WINDOWS\System32\KERNELBASE.dll
0x00007ff81c740000 - 0x00007ff81c88b000 	C:\WINDOWS\System32\ucrtbase.dll
0x00007fffde7d0000 - 0x00007fffde7e7000 	D:\mislanious\Unity\Unity_installs\6000.2.6f2\Editor\Data\PlaybackEngines\AndroidPlayer\OpenJDK\bin\jli.dll
0x00007fffd7670000 - 0x00007fffd768b000 	D:\mislanious\Unity\Unity_installs\6000.2.6f2\Editor\Data\PlaybackEngines\AndroidPlayer\OpenJDK\bin\VCRUNTIME140.dll
0x00007ff81f160000 - 0x00007ff81f327000 	C:\WINDOWS\System32\USER32.dll
0x00007ff81c890000 - 0x00007ff81c8b7000 	C:\WINDOWS\System32\win32u.dll
0x00007fffff770000 - 0x00007fffffa04000 	C:\WINDOWS\WinSxS\amd64_microsoft.windows.common-controls_6595b64144ccf1df_6.0.26100.7019_none_3e06ffa0e335b8a8\COMCTL32.dll
0x00007ff81d4b0000 - 0x00007ff81d4db000 	C:\WINDOWS\System32\GDI32.dll
0x00007ff81ef30000 - 0x00007ff81efd9000 	C:\WINDOWS\System32\msvcrt.dll
0x00007ff81d1b0000 - 0x00007ff81d2dc000 	C:\WINDOWS\System32\gdi32full.dll
0x00007ff81ccc0000 - 0x00007ff81cd63000 	C:\WINDOWS\System32\msvcp_win.dll
0x00007ff81f4c0000 - 0x00007ff81f4f1000 	C:\WINDOWS\System32\IMM32.DLL
0x00007ff806130000 - 0x00007ff80613c000 	D:\mislanious\Unity\Unity_installs\6000.2.6f2\Editor\Data\PlaybackEngines\AndroidPlayer\OpenJDK\bin\vcruntime140_1.dll
0x00007fff80f20000 - 0x00007fff80fad000 	D:\mislanious\Unity\Unity_installs\6000.2.6f2\Editor\Data\PlaybackEngines\AndroidPlayer\OpenJDK\bin\msvcp140.dll
0x00007fff52800000 - 0x00007fff53461000 	D:\mislanious\Unity\Unity_installs\6000.2.6f2\Editor\Data\PlaybackEngines\AndroidPlayer\OpenJDK\bin\server\jvm.dll
0x00007ff81e3f0000 - 0x00007ff81e4a4000 	C:\WINDOWS\System32\ADVAPI32.dll
0x00007ff81d400000 - 0x00007ff81d4a6000 	C:\WINDOWS\System32\sechost.dll
0x00007ff81d2e0000 - 0x00007ff81d3f8000 	C:\WINDOWS\System32\RPCRT4.dll
0x00007ff81c4f0000 - 0x00007ff81c54e000 	C:\WINDOWS\SYSTEM32\POWRPROF.dll
0x00007ff807540000 - 0x00007ff807575000 	C:\WINDOWS\SYSTEM32\WINMM.dll
0x00007ff808f00000 - 0x00007ff808f0a000 	C:\WINDOWS\SYSTEM32\WSOCK32.dll
0x00007ff80f3a0000 - 0x00007ff80f3ab000 	C:\WINDOWS\SYSTEM32\VERSION.dll
0x00007ff81efe0000 - 0x00007ff81f054000 	C:\WINDOWS\System32\WS2_32.dll
0x00007ff81c4d0000 - 0x00007ff81c4e4000 	C:\WINDOWS\SYSTEM32\UMPDC.dll
0x00007ff81b420000 - 0x00007ff81b43b000 	C:\WINDOWS\SYSTEM32\kernel.appcore.dll
0x00007ff800640000 - 0x00007ff80064a000 	D:\mislanious\Unity\Unity_installs\6000.2.6f2\Editor\Data\PlaybackEngines\AndroidPlayer\OpenJDK\bin\jimage.dll
0x00007ff8069e0000 - 0x00007ff806c22000 	C:\WINDOWS\SYSTEM32\DBGHELP.DLL
0x00007ff81e790000 - 0x00007ff81eb1b000 	C:\WINDOWS\System32\combase.dll
0x00007ff81e6b0000 - 0x00007ff81e787000 	C:\WINDOWS\System32\OLEAUT32.dll
0x00007fffeff80000 - 0x00007fffeffbc000 	C:\WINDOWS\SYSTEM32\dbgcore.DLL
0x00007ff81c690000 - 0x00007ff81c735000 	C:\WINDOWS\System32\bcryptPrimitives.dll
0x00007fffd5740000 - 0x00007fffd5765000 	D:\mislanious\Unity\Unity_installs\6000.2.6f2\Editor\Data\PlaybackEngines\AndroidPlayer\OpenJDK\bin\java.dll

dbghelp: loaded successfully - version: 4.0.5 - missing functions: none
symbol engine: initialized successfully - sym options: 0x614 - pdb path: .;D:\mislanious\Unity\Unity_installs\6000.2.6f2\Editor\Data\PlaybackEngines\AndroidPlayer\OpenJDK\bin;C:\WINDOWS\SYSTEM32;C:\WINDOWS\WinSxS\amd64_microsoft.windows.common-controls_6595b64144ccf1df_6.0.26100.7019_none_3e06ffa0e335b8a8;D:\mislanious\Unity\Unity_installs\6000.2.6f2\Editor\Data\PlaybackEngines\AndroidPlayer\OpenJDK\bin\server

VM Arguments:
java_command: org.gradle.launcher.GradleMain -Dorg.gradle.jvmargs=-Xmx4096m --stop
java_class_path (initial): D:\mislanious\Unity\Unity_installs\6000.2.6f2\Editor\Data\PlaybackEngines\AndroidPlayer\Tools\gradle\lib\gradle-launcher-8.11.jar
Launcher Type: SUN_STANDARD

[Global flags]
     intx CICompilerCount                          = 4                                         {product} {ergonomic}
     uint ConcGCThreads                            = 2                                         {product} {ergonomic}
     uint G1ConcRefinementThreads                  = 8                                         {product} {ergonomic}
   size_t G1HeapRegionSize                         = 2097152                                   {product} {ergonomic}
    uintx GCDrainStackTargetSize                   = 64                                        {product} {ergonomic}
   size_t InitialHeapSize                          = 266338304                                 {product} {ergonomic}
   size_t MarkStackSize                            = 4194304                                   {product} {ergonomic}
   size_t MaxHeapSize                              = 4253024256                                {product} {ergonomic}
   size_t MinHeapDeltaBytes                        = 2097152                                   {product} {ergonomic}
   size_t MinHeapSize                              = 8388608                                   {product} {ergonomic}
    uintx NonNMethodCodeHeapSize                   = 5839372                                {pd product} {ergonomic}
    uintx NonProfiledCodeHeapSize                  = 122909434                              {pd product} {ergonomic}
    uintx ProfiledCodeHeapSize                     = 122909434                              {pd product} {ergonomic}
    uintx ReservedCodeCacheSize                    = 251658240                              {pd product} {ergonomic}
     bool SegmentedCodeCache                       = true                                      {product} {ergonomic}
   size_t SoftMaxHeapSize                          = 4253024256                             {manageable} {ergonomic}
     bool UseCompressedClassPointers               = true                           {product lp64_product} {ergonomic}
     bool UseCompressedOops                        = true                           {product lp64_product} {ergonomic}
     bool UseG1GC                                  = true                                      {product} {ergonomic}
     bool UseLargePagesIndividualAllocation        = false                                  {pd product} {ergonomic}

Logging:
Log output configuration:
 #0: stdout all=warning uptime,level,tags
 #1: stderr all=off uptime,level,tags

Environment Variables:
PATH=C:\Program Files\Common Files\Oracle\Java\javapath;C:\Python311\Scripts\;C:\Python311\;C:\Program Files (x86)\Common Files\Intel\Shared Libraries\redist\intel64\compiler;C:\Windows\system32;C:\Windows;C:\Windows\System32\Wbem;C:\Windows\System32\WindowsPowerShell\v1.0\;C:\Windows\System32\OpenSSH\;C:\Program Files (x86)\NVIDIA Corporation\PhysX\Common;C:\WINDOWS\system32;C:\WINDOWS;C:\WINDOWS\System32\Wbem;C:\WINDOWS\System32\WindowsPowerShell\v1.0\;C:\WINDOWS\System32\OpenSSH\;C:\ProgramData\chocolatey\bin;C:\Program Files\nodejs\;C:\Program Files\Git\cmd;C:\Program Files\NVIDIA Corporation\NVIDIA app\NvDLISR;C:\Program Files\dotnet\;C:\Program Files (x86)\Windows Kits\10\Windows Performance Toolkit\;D:\mislanious\cursor\cursor\resources\app\bin;C:\Users\joshs\.cargo\bin;C:\Python311\Scripts\;C:\Python311\;C:\Program Files (x86)\Common Files\Intel\Shared Libraries\redist\intel64\compiler;C:\Windows\system32;C:\Windows;C:\Windows\System32\Wbem;C:\Windows\System32\WindowsPowerShell\v1.0\;C:\Windows\System32\OpenSSH\;C:\Program Files (x86)\NVIDIA Corporation\PhysX\Common;C:\Program Files\NVIDIA Corporation\NVIDIA NvDLISR;C:\WINDOWS\system32;C:\WINDOWS;C:\WINDOWS\System32\Wbem;C:\WINDOWS\System32\WindowsPowerShell\v1.0\;C:\WINDOWS\System32\OpenSSH\;C:\Program Files\Git\cmd;C:\Program Files\nodejs\;C:\ProgramData\chocolatey\bin;C:\Users\joshs\AppData\Local\Microsoft\WindowsApps;C:\Users\joshs\AppData\Local\Programs\Microsoft VS Code\bin;C:\Users\joshs\adb;C:\Users\joshs\AppData\Roaming\npm;C:\Users\joshs\AppData\Local\GitHubDesktop\bin;C:\Users\joshs\AppData\Local\Microsoft\WindowsApps;D:\mislanious\cursor\resources\app\bin;C:\Users\joshs\.dotnet\tools
USERNAME=joshs
OS=Windows_NT
PROCESSOR_IDENTIFIER=Intel64 Family 6 Model 158 Stepping 13, GenuineIntel
TMP=C:\Users\joshs\AppData\Local\Temp
TEMP=C:\Users\joshs\AppData\Local\Temp



Periodic native trim disabled


---------------  S Y S T E M  ---------------

OS:
 Windows 11 , 64 bit Build 26100 (10.0.26100.7019)
OS uptime: 0 days 6:06 hours
Hyper-V role detected

CPU: total 8 (initial active 8) (4 cores per cpu, 2 threads per core) family 6 model 158 stepping 13 microcode 0xde, cx8, cmov, fxsr, ht, mmx, 3dnowpref, sse, sse2, sse3, ssse3, sse4.1, sse4.2, popcnt, lzcnt, tsc, tscinvbit, avx, avx2, aes, erms, clmul, bmi1, bmi2, adx, fma, vzeroupper, clflush, clflushopt, hv
Processor Information for all 8 processors :
  Max Mhz: 2400, Current Mhz: 2400, Mhz Limit: 2400

Memory: 4k page, system-wide physical 16220M (2239M free)
TotalPageFile size 33199M (AvailPageFile size 212M)
current process WorkingSet (physical memory assigned to process): 12M, peak: 12M
current process commit charge ("private bytes"): 60M, peak: 314M

vm_info: OpenJDK 64-Bit Server VM (17.0.9+9) for windows-amd64 JRE (17.0.9+9), built on Oct 26 2023 14:01:42 by "admin" with MS VC++ 16.10 / 16.11 (VS2019)

END.
